Using pre-set license
Built from '2020.3/release' branch; Version is '2020.3.27f1 (e759542391ea) revision 15161684'; Using compiler version '192528614'; Build Type 'Release'
OS: 'Windows 10  (10.0.19043) 64bit Professional' Language: 'ko' Physical Memory: 32693 MB
BatchMode: 1, IsHumanControllingUs: 0, StartBugReporterOnCrash: 0, Is64bit: 1, IsPro: 0

COMMAND LINE ARGUMENTS:
D:\Program Files\Editor\Unity.exe
-adb2
-batchMode
-noUpm
-name
AssetImportWorker0
-projectPath
F:/coding/Unity/sparta-unity/myball
-logFile
Logs/AssetImportWorker0.log
-srvPort
4929
Successfully changed project path to: F:/coding/Unity/sparta-unity/myball
F:/coding/Unity/sparta-unity/myball
Using Asset Import Pipeline V2.
Refreshing native plugins compatible for Editor in 47.21 ms, found 3 plugins.
Preloading 0 native plugins for Editor in 0.00 ms.
Initialize engine version: 2020.3.27f1 (e759542391ea)
[Subsystems] Discovering subsystems at path D:/Program Files/Editor/Data/Resources/UnitySubsystems
[Subsystems] Discovering subsystems at path F:/coding/Unity/sparta-unity/myball/Assets
GfxDevice: creating device client; threaded=0
Direct3D:
    Version:  Direct3D 11.0 [level 11.1]
    Renderer: NVIDIA GeForce GTX 1070 Ti (ID=0x1b82)
    Vendor:   
    VRAM:     8079 MB
    Driver:   30.0.15.1123
Initialize mono
Mono path[0] = 'D:/Program Files/Editor/Data/Managed'
Mono path[1] = 'D:/Program Files/Editor/Data/MonoBleedingEdge/lib/mono/unityjit'
Mono config path = 'D:/Program Files/Editor/Data/MonoBleedingEdge/etc'
Using monoOptions --debugger-agent=transport=dt_socket,embedding=1,server=y,suspend=n,address=127.0.0.1:56432
Begin MonoManager ReloadAssembly
Registering precompiled unity dll's ...
Register platform support module: D:/Program Files/Editor/Data/PlaybackEngines/WindowsStandaloneSupport/UnityEditor.WindowsStandalone.Extensions.dll
Registered in 0.002342 seconds.
Native extension for WindowsStandalone target not found
Refreshing native plugins compatible for Editor in 44.71 ms, found 3 plugins.
Preloading 0 native plugins for Editor in 0.00 ms.
Mono: successfully reloaded assembly
- Completed reload, in  0.636 seconds
Domain Reload Profiling:
	ReloadAssembly (636ms)
		BeginReloadAssembly (112ms)
			ExecutionOrderSort (0ms)
			DisableScriptedObjects (0ms)
			BackupInstance (0ms)
			ReleaseScriptingObjects (0ms)
			CreateAndSetChildDomain (1ms)
		EndReloadAssembly (453ms)
			LoadAssemblies (112ms)
			RebuildTransferFunctionScriptingTraits (0ms)
			SetupTypeCache (145ms)
			ReleaseScriptCaches (0ms)
			RebuildScriptCaches (28ms)
			SetupLoadedEditorAssemblies (174ms)
				LogAssemblyErrors (0ms)
				InitializePlatformSupportModulesInManaged (4ms)
				SetLoadedEditorAssemblies (0ms)
				RefreshPlugins (45ms)
				BeforeProcessingInitializeOnLoad (17ms)
				ProcessInitializeOnLoadAttributes (79ms)
				ProcessInitializeOnLoadMethodAttributes (29ms)
				AfterProcessingInitializeOnLoad (0ms)
				EditorAssembliesLoaded (0ms)
			ExecutionOrderSort2 (0ms)
			AwakeInstancesAfterBackupRestoration (0ms)
Platform modules already initialized, skipping
Registering precompiled user dll's ...
Registered in 0.009483 seconds.
Begin MonoManager ReloadAssembly
Native extension for WindowsStandalone target not found
Refreshing native plugins compatible for Editor in 53.54 ms, found 3 plugins.
Preloading 0 native plugins for Editor in 0.00 ms.
Mono: successfully reloaded assembly
- Completed reload, in  1.219 seconds
Domain Reload Profiling:
	ReloadAssembly (1220ms)
		BeginReloadAssembly (199ms)
			ExecutionOrderSort (0ms)
			DisableScriptedObjects (5ms)
			BackupInstance (0ms)
			ReleaseScriptingObjects (0ms)
			CreateAndSetChildDomain (17ms)
		EndReloadAssembly (962ms)
			LoadAssemblies (156ms)
			RebuildTransferFunctionScriptingTraits (0ms)
			SetupTypeCache (306ms)
			ReleaseScriptCaches (1ms)
			RebuildScriptCaches (62ms)
			SetupLoadedEditorAssemblies (349ms)
				LogAssemblyErrors (0ms)
				InitializePlatformSupportModulesInManaged (3ms)
				SetLoadedEditorAssemblies (0ms)
				RefreshPlugins (54ms)
				BeforeProcessingInitializeOnLoad (76ms)
				ProcessInitializeOnLoadAttributes (195ms)
				ProcessInitializeOnLoadMethodAttributes (18ms)
				AfterProcessingInitializeOnLoad (4ms)
				EditorAssembliesLoaded (0ms)
			ExecutionOrderSort2 (0ms)
			AwakeInstancesAfterBackupRestoration (6ms)
Platform modules already initialized, skipping
========================================================================
Worker process is ready to serve import requests
Launched and connected shader compiler UnityShaderCompiler.exe after 0.07 seconds
Refreshing native plugins compatible for Editor in 0.52 ms, found 3 plugins.
Preloading 0 native plugins for Editor in 0.00 ms.
Unloading 2197 Unused Serialized files (Serialized files now loaded: 0)
System memory in use before: 95.9 MB.
System memory in use after: 95.8 MB.

Unloading 34 unused Assets to reduce memory usage. Loaded Objects now: 2624.
Total: 3.147000 ms (FindLiveObjects: 0.177500 ms CreateObjectMapping: 0.047200 ms MarkObjects: 2.777700 ms  DeleteObjects: 0.142900 ms)

AssetImportParameters requested are different than current active one (requested -> active):
  custom:framework-win-MediaFoundation: 216162199b28c13a410421893ffa2e32 -> 
  custom:video-decoder-ogg-theora: a1e56fd34408186e4bbccfd4996cb3dc -> 
  custom:container-muxer-webm: aa71ff27fc2769a1b78a27578f13a17b -> 
  custom:container-demuxer-webm: 4f35f7cbe854078d1ac9338744f61a02 -> 
  custom:container-demuxer-ogg: 62fdf1f143b41e24485cea50d1cbac27 -> 
  custom:video-encoder-webm-vp8: eb34c28f22e8b96e1ab97ce403110664 -> 
  custom:video-decoder-webm-vp8: 9c59270c3fd7afecdb556c50c9e8de78 -> 
  custom:audio-decoder-ogg-vorbis: bf7c407c2cedff20999df2af8eb42d56 -> 
  custom:audio-encoder-webm-vorbis: bf7c407c2cedff20999df2af8eb42d56 -> 
========================================================================
Received Import Request.
  path: Assets/Scenes/SampleScene.unity
  artifactKey: Guid(2cda990e2423bbf4892e6590ba056729) Importer(815301076,1909f56bfc062723c751e8b465ee728b)
Start importing Assets/Scenes/SampleScene.unity using Guid(2cda990e2423bbf4892e6590ba056729) Importer(815301076,1909f56bfc062723c751e8b465ee728b)  -> (artifact id: '1333ee985c8b405feb81c7cbd2e221fc') in 0.017351 seconds 
  Import took 0.020758 seconds .

========================================================================
Received Import Request.
  Time since last request: 2.371776 seconds.
  path: Assets/Scenes/MainScene.unity
  artifactKey: Guid(2cda990e2423bbf4892e6590ba056729) Importer(815301076,1909f56bfc062723c751e8b465ee728b)
Start importing Assets/Scenes/MainScene.unity using Guid(2cda990e2423bbf4892e6590ba056729) Importer(815301076,1909f56bfc062723c751e8b465ee728b)  -> (artifact id: '357fc390c66f1e113f5942d5fa472f9c') in 0.007586 seconds 
  Import took 0.011057 seconds .

========================================================================
Received Import Request.
  Time since last request: 15.820961 seconds.
  path: Assets
  artifactKey: Guid(00000000000000001000000000000000) Importer(815301076,1909f56bfc062723c751e8b465ee728b)
Start importing Assets using Guid(00000000000000001000000000000000) Importer(815301076,1909f56bfc062723c751e8b465ee728b)  -> (artifact id: '42d402b061de3733987d63b9cc3b64de') in 0.007542 seconds 
  Import took 0.010942 seconds .

========================================================================
Received Import Request.
  Time since last request: 6.002395 seconds.
  path: Assets/Animation
  artifactKey: Guid(068aa9fbcf45163488e2dfe9c0f48cb1) Importer(815301076,1909f56bfc062723c751e8b465ee728b)
Start importing Assets/Animation using Guid(068aa9fbcf45163488e2dfe9c0f48cb1) Importer(815301076,1909f56bfc062723c751e8b465ee728b)  -> (artifact id: '38b862bea8d3d43686c57d1d3f026c85') in 0.007320 seconds 
  Import took 0.010775 seconds .

========================================================================
Received Import Request.
  Time since last request: 3.989046 seconds.
  path: Assets/Script
  artifactKey: Guid(dd804904bdc6ebe45ac40af56981b26b) Importer(815301076,1909f56bfc062723c751e8b465ee728b)
Start importing Assets/Script using Guid(dd804904bdc6ebe45ac40af56981b26b) Importer(815301076,1909f56bfc062723c751e8b465ee728b)  -> (artifact id: '91855514d78c8bfa03661c42d824e988') in 0.007135 seconds 
  Import took 0.010557 seconds .

========================================================================
Received Import Request.
  Time since last request: 7.350302 seconds.
  path: Assets/Animations
  artifactKey: Guid(068aa9fbcf45163488e2dfe9c0f48cb1) Importer(815301076,1909f56bfc062723c751e8b465ee728b)
Start importing Assets/Animations using Guid(068aa9fbcf45163488e2dfe9c0f48cb1) Importer(815301076,1909f56bfc062723c751e8b465ee728b)  -> (artifact id: '7616620eadd75824c6ea22217f7acfa6') in 0.006631 seconds 
  Import took 0.009970 seconds .

========================================================================
Received Import Request.
  Time since last request: 403.238485 seconds.
  path: Assets/Scripts
  artifactKey: Guid(dd804904bdc6ebe45ac40af56981b26b) Importer(815301076,1909f56bfc062723c751e8b465ee728b)
Start importing Assets/Scripts using Guid(dd804904bdc6ebe45ac40af56981b26b) Importer(815301076,1909f56bfc062723c751e8b465ee728b)  -> (artifact id: '3398d9952e80e142f197b7bfa5c947e9') in 0.007332 seconds 
  Import took 0.010781 seconds .

========================================================================
Received Import Request.
  Time since last request: 6.701535 seconds.
  path: Assets/Scripts/shield.cs
  artifactKey: Guid(a84a47b642d45e84fa97432e24f53911) Importer(815301076,1909f56bfc062723c751e8b465ee728b)
Start importing Assets/Scripts/shield.cs using Guid(a84a47b642d45e84fa97432e24f53911) Importer(815301076,1909f56bfc062723c751e8b465ee728b)  -> (artifact id: '0e1e925695171dbe893ebc1ddf633a05') in 0.046900 seconds 
  Import took 0.050315 seconds .

========================================================================
Received Import Request.
  Time since last request: 86.168346 seconds.
  path: Assets/Scripts/shield.cs
  artifactKey: Guid(a84a47b642d45e84fa97432e24f53911) Importer(815301076,1909f56bfc062723c751e8b465ee728b)
Start importing Assets/Scripts/shield.cs using Guid(a84a47b642d45e84fa97432e24f53911) Importer(815301076,1909f56bfc062723c751e8b465ee728b)  -> (artifact id: '8b551ac4e4997d9d8bfaaf769358d3a9') in 0.008034 seconds 
  Import took 0.011548 seconds .

========================================================================
Received Import Request.
  Time since last request: 19.552104 seconds.
  path: Assets/Scripts/shield.cs
  artifactKey: Guid(a84a47b642d45e84fa97432e24f53911) Importer(815301076,1909f56bfc062723c751e8b465ee728b)
Start importing Assets/Scripts/shield.cs using Guid(a84a47b642d45e84fa97432e24f53911) Importer(815301076,1909f56bfc062723c751e8b465ee728b)  -> (artifact id: '0427d04db4404db44a4c3b1130409a3c') in 0.005838 seconds 
  Import took 0.009860 seconds .

AssetImportWorkerClient::OnTransportError - code=2 error=End of file
